This is XeTeX, Version 3.14159265-2.6-0.999992 (MiKTeX 20.10) (preloaded format=xelatex 2020.10.14)  14 SEP 2022 08:02
entering extended mode
**./_main.tex
(_main.tex
LaTeX2e <2020-10-01> patch level 1
L3 programming layer <2020-10-05> xparse <2020-03-03> ("C:\Program Files\MiKTeX
\tex/latex/base\book.cls"
Document Class: book 2020/04/10 v1.4m Standard LaTeX document class
("C:\Program Files\MiKTeX\tex/latex/base\bk10.clo"
File: bk10.clo 2020/04/10 v1.4m Standard LaTeX file (size option)
)
\c@part=\count171
\c@chapter=\count172
\c@section=\count173
\c@subsection=\count174
\c@subsubsection=\count175
\c@paragraph=\count176
\c@subparagraph=\count177
\c@figure=\count178
\c@table=\count179
\abovecaptionskip=\skip47
\belowcaptionskip=\skip48
\bibindent=\dimen138
) ("C:\Program Files\MiKTeX\tex/latex/amsmath\amsmath.sty"
Package: amsmath 2020/09/23 v2.17i AMS math features
\@mathmargin=\skip49
For additional information on amsmath, use the `?' option.
("C:\Program Files\MiKTeX\tex/latex/amsmath\amstext.sty"
Package: amstext 2000/06/29 v2.01 AMS text
("C:\Program Files\MiKTeX\tex/latex/amsmath\amsgen.sty"
File: amsgen.sty 1999/11/30 v2.0 generic functions
\@emptytoks=\toks15
\ex@=\dimen139
)) ("C:\Program Files\MiKTeX\tex/latex/amsmath\amsbsy.sty"
Package: amsbsy 1999/11/29 v1.2d Bold Symbols
\pmbraise@=\dimen140
) ("C:\Program Files\MiKTeX\tex/latex/amsmath\amsopn.sty"
Package: amsopn 2016/03/08 v2.02 operator names
)
\inf@bad=\count180
LaTeX Info: Redefining \frac on input line 234.
\uproot@=\count181
\leftroot@=\count182
LaTeX Info: Redefining \overline on input line 399.
\classnum@=\count183
\DOTSCASE@=\count184
LaTeX Info: Redefining \ldots on input line 496.
LaTeX Info: Redefining \dots on input line 499.
LaTeX Info: Redefining \cdots on input line 620.
\Mathstrutbox@=\box47
\strutbox@=\box48
\big@size=\dimen141
LaTeX Font Info:    Redeclaring font encoding OML on input line 743.
LaTeX Font Info:    Redeclaring font encoding OMS on input line 744.
\macc@depth=\count185
\c@MaxMatrixCols=\count186
\dotsspace@=\muskip16
\c@parentequation=\count187
\dspbrk@lvl=\count188
\tag@help=\toks16
\row@=\count189
\column@=\count190
\maxfields@=\count191
\andhelp@=\toks17
\eqnshift@=\dimen142
\alignsep@=\dimen143
\tagshift@=\dimen144
\tagwidth@=\dimen145
\totwidth@=\dimen146
\lineht@=\dimen147
\@envbody=\toks18
\multlinegap=\skip50
\multlinetaggap=\skip51
\mathdisplay@stack=\toks19
LaTeX Info: Redefining \[ on input line 2923.
LaTeX Info: Redefining \] on input line 2924.
) ("C:\Program Files\MiKTeX\tex/latex/amsfonts\amssymb.sty"
Package: amssymb 2013/01/14 v3.01 AMS font symbols
("C:\Program Files\MiKTeX\tex/latex/amsfonts\amsfonts.sty"
Package: amsfonts 2013/01/14 v3.01 Basic AMSFonts support
\symAMSa=\mathgroup4
\symAMSb=\mathgroup5
LaTeX Font Info:    Redeclaring math symbol \hbar on input line 98.
LaTeX Font Info:    Overwriting math alphabet `\mathfrak' in version `bold'
(Font)                  U/euf/m/n --> U/euf/b/n on input line 106.
)) ("C:\Program Files\MiKTeX\tex/latex/lm\lmodern.sty"
Package: lmodern 2009/10/30 v1.6 Latin Modern Fonts
LaTeX Font Info:    Overwriting symbol font `operators' in version `normal'
(Font)                  OT1/cmr/m/n --> OT1/lmr/m/n on input line 22.
LaTeX Font Info:    Overwriting symbol font `letters' in version `normal'
(Font)                  OML/cmm/m/it --> OML/lmm/m/it on input line 23.
LaTeX Font Info:    Overwriting symbol font `symbols' in version `normal'
(Font)                  OMS/cmsy/m/n --> OMS/lmsy/m/n on input line 24.
LaTeX Font Info:    Overwriting symbol font `largesymbols' in version `normal'
(Font)                  OMX/cmex/m/n --> OMX/lmex/m/n on input line 25.
LaTeX Font Info:    Overwriting symbol font `operators' in version `bold'
(Font)                  OT1/cmr/bx/n --> OT1/lmr/bx/n on input line 26.
LaTeX Font Info:    Overwriting symbol font `letters' in version `bold'
(Font)                  OML/cmm/b/it --> OML/lmm/b/it on input line 27.
LaTeX Font Info:    Overwriting symbol font `symbols' in version `bold'
(Font)                  OMS/cmsy/b/n --> OMS/lmsy/b/n on input line 28.
LaTeX Font Info:    Overwriting symbol font `largesymbols' in version `bold'
(Font)                  OMX/cmex/m/n --> OMX/lmex/m/n on input line 29.
LaTeX Font Info:    Overwriting math alphabet `\mathbf' in version `normal'
(Font)                  OT1/cmr/bx/n --> OT1/lmr/bx/n on input line 31.
LaTeX Font Info:    Overwriting math alphabet `\mathsf' in version `normal'
(Font)                  OT1/cmss/m/n --> OT1/lmss/m/n on input line 32.
LaTeX Font Info:    Overwriting math alphabet `\mathit' in version `normal'
(Font)                  OT1/cmr/m/it --> OT1/lmr/m/it on input line 33.
LaTeX Font Info:    Overwriting math alphabet `\mathtt' in version `normal'
(Font)                  OT1/cmtt/m/n --> OT1/lmtt/m/n on input line 34.
LaTeX Font Info:    Overwriting math alphabet `\mathbf' in version `bold'
(Font)                  OT1/cmr/bx/n --> OT1/lmr/bx/n on input line 35.
LaTeX Font Info:    Overwriting math alphabet `\mathsf' in version `bold'
(Font)                  OT1/cmss/bx/n --> OT1/lmss/bx/n on input line 36.
LaTeX Font Info:    Overwriting math alphabet `\mathit' in version `bold'
(Font)                  OT1/cmr/bx/it --> OT1/lmr/bx/it on input line 37.
LaTeX Font Info:    Overwriting math alphabet `\mathtt' in version `bold'
(Font)                  OT1/cmtt/m/n --> OT1/lmtt/m/n on input line 38.
) ("C:\Program Files\MiKTeX\tex/generic/iftex\iftex.sty"
Package: iftex 2020/03/06 v1.0d TeX engine tests
) (C:\Users\Akira\AppData\Roaming\MiKTeX\tex/latex/unicode-math\unicode-math.st
y ("C:\Program Files\MiKTeX\tex/latex/l3kernel\expl3.sty"
Package: expl3 2020-10-05 L3 programming layer (loader) 
("C:\Program Files\MiKTeX\tex/latex/l3backend\l3backend-xetex.def"
File: l3backend-xetex.def 2020-09-24 L3 backend support: XeTeX
\g__graphics_track_int=\count192
\l__pdf_internal_box=\box49
\g__pdf_backend_object_int=\count193
\g__pdf_backend_annotation_int=\count194
))
Package: unicode-math 2020/01/31 v0.8q Unicode maths in XeLaTeX and LuaLaTeX

(C:\Users\Akira\AppData\Roaming\MiKTeX\tex/latex/unicode-math\unicode-math-xete
x.sty
Package: unicode-math-xetex 2020/01/31 v0.8q Unicode maths in XeLaTeX and LuaLa
TeX
("C:\Program Files\MiKTeX\tex/latex/l3packages/xparse\xparse.sty"
Package: xparse 2020-10-05 L3 Experimental document command parser
("C:\Program Files\MiKTeX\tex/latex/l3packages/xparse\xparse-generic.tex")) ("C
:\Program Files\MiKTeX\tex/latex/l3packages/l3keys2e\l3keys2e.sty"
Package: l3keys2e 2020-10-05 LaTeX2e option processing using LaTeX3 keys
) ("C:\Program Files\MiKTeX\tex/latex/fontspec\fontspec.sty"
Package: fontspec 2020/02/21 v2.7i Font selection for XeLaTeX and LuaLaTeX
("C:\Program Files\MiKTeX\tex/latex/fontspec\fontspec-xetex.sty"
Package: fontspec-xetex 2020/02/21 v2.7i Font selection for XeLaTeX and LuaLaTe
X
\l__fontspec_script_int=\count195
\l__fontspec_language_int=\count196
\l__fontspec_strnum_int=\count197
\l__fontspec_tmp_int=\count198
\l__fontspec_tmpa_int=\count199
\l__fontspec_tmpb_int=\count266
\l__fontspec_tmpc_int=\count267
\l__fontspec_em_int=\count268
\l__fontspec_emdef_int=\count269
\l__fontspec_strong_int=\count270
\l__fontspec_strongdef_int=\count271
\l__fontspec_tmpa_dim=\dimen148
\l__fontspec_tmpb_dim=\dimen149
\l__fontspec_tmpc_dim=\dimen150
("C:\Program Files\MiKTeX\tex/latex/base\fontenc.sty"
Package: fontenc 2020/08/10 v2.0s Standard LaTeX package
) ("C:\Program Files\MiKTeX\tex/latex/fontspec\fontspec.cfg"))) ("C:\Program Fi
les\MiKTeX\tex/latex/base\fix-cm.sty"
Package: fix-cm 2015/01/14 v1.1t fixes to LaTeX
("C:\Program Files\MiKTeX\tex/latex/base\ts1enc.def"
File: ts1enc.def 2001/06/05 v3.0e (jk/car/fm) Standard LaTeX file
LaTeX Font Info:    Redeclaring font encoding TS1 on input line 47.
))
\g__um_fam_int=\count272
\g__um_fonts_used_int=\count273
\l__um_primecount_int=\count274
\g__um_primekern_muskip=\muskip17

(C:\Users\Akira\AppData\Roaming\MiKTeX\tex/latex/unicode-math\unicode-math-tabl
e.tex))) (C:\Users\Akira\AppData\Roaming\MiKTeX\tex/latex/upquote\upquote.sty
Package: upquote 2012/04/19 v1.3 upright-quote and grave-accent glyphs in verba
tim
("C:\Program Files\MiKTeX\tex/latex/base\textcomp.sty"
Package: textcomp 2020/02/02 v2.0n Standard LaTeX package
)) (C:\Users\Akira\AppData\Roaming\MiKTeX\tex/latex/microtype\microtype.sty
Package: microtype 2019/11/18 v2.7d Micro-typographical refinements (RS)
("C:\Program Files\MiKTeX\tex/latex/graphics\keyval.sty"
Package: keyval 2014/10/28 v1.15 key=value parser (DPC)
\KV@toks@=\toks20
)
\MT@toks=\toks21
\MT@count=\count275
LaTeX Info: Redefining \textls on input line 790.
\MT@outer@kern=\dimen151
LaTeX Info: Redefining \textmicrotypecontext on input line 1354.
\MT@listname@count=\count276
(C:\Users\Akira\AppData\Roaming\MiKTeX\tex/latex/microtype\microtype-xetex.def
File: microtype-xetex.def 2019/11/18 v2.7d Definitions specific to xetex (RS)
LaTeX Info: Redefining \lsstyle on input line 258.
)
Package microtype Info: Loading configuration file microtype.cfg.
(C:\Users\Akira\AppData\Roaming\MiKTeX\tex/latex/microtype\microtype.cfg
File: microtype.cfg 2019/11/18 v2.7d microtype main configuration file (RS)
)) (C:\Users\Akira\AppData\Roaming\MiKTeX\tex/latex/parskip\parskip.sty
Package: parskip 2020-06-15 v2.0f non-zero parskip adjustments
(C:\Users\Akira\AppData\Roaming\MiKTeX\tex/latex/kvoptions\kvoptions.sty
Package: kvoptions 2019/11/29 v3.13 Key value format for package options (HO)
(C:\Users\Akira\AppData\Roaming\MiKTeX\tex/generic/ltxcmds\ltxcmds.sty
Package: ltxcmds 2020-05-10 v1.25 LaTeX kernel commands for general use (HO)
) (C:\Users\Akira\AppData\Roaming\MiKTeX\tex/generic/kvsetkeys\kvsetkeys.sty
Package: kvsetkeys 2019/12/15 v1.18 Key value parser (HO)
)) ("C:\Program Files\MiKTeX\tex/latex/etoolbox\etoolbox.sty"
Package: etoolbox 2020/10/05 v2.5k e-TeX tools for LaTeX (JAW)
\etb@tempcnta=\count277
)) ("C:\Program Files\MiKTeX\tex/latex/xcolor\xcolor.sty"
Package: xcolor 2016/05/11 v2.12 LaTeX color extensions (UK)
("C:\Program Files\MiKTeX\tex/latex/graphics-cfg\color.cfg"
File: color.cfg 2016/01/02 v1.6 sample color configuration
)
Package xcolor Info: Driver file: xetex.def on input line 225.
("C:\Program Files\MiKTeX\tex/latex/graphics-def\xetex.def"
File: xetex.def 2020/08/26 v5.0i Graphics/color driver for xetex
)
Package xcolor Info: Model `cmy' substituted by `cmy0' on input line 1348.
Package xcolor Info: Model `RGB' extended on input line 1364.
Package xcolor Info: Model `HTML' substituted by `rgb' on input line 1366.
Package xcolor Info: Model `Hsb' substituted by `hsb' on input line 1367.
Package xcolor Info: Model `tHsb' substituted by `hsb' on input line 1368.
Package xcolor Info: Model `HSB' substituted by `hsb' on input line 1369.
Package xcolor Info: Model `Gray' substituted by `gray' on input line 1370.
Package xcolor Info: Model `wave' substituted by `hsb' on input line 1371.
) ("C:\Program Files\MiKTeX\tex/latex/tools\longtable.sty"
Package: longtable 2020/01/07 v4.13 Multi-page Table package (DPC)
\LTleft=\skip52
\LTright=\skip53
\LTpre=\skip54
\LTpost=\skip55
\LTchunksize=\count278
\LTcapwidth=\dimen152
\LT@head=\box50
\LT@firsthead=\box51
\LT@foot=\box52
\LT@lastfoot=\box53
\LT@cols=\count279
\LT@rows=\count280
\c@LT@tables=\count281
\c@LT@chunks=\count282
\LT@p@ftn=\toks22
) (C:\Users\Akira\AppData\Roaming\MiKTeX\tex/latex/booktabs\booktabs.sty
Package: booktabs 2020/01/12 v1.61803398 Publication quality tables
\heavyrulewidth=\dimen153
\lightrulewidth=\dimen154
\cmidrulewidth=\dimen155
\belowrulesep=\dimen156
\belowbottomsep=\dimen157
\aboverulesep=\dimen158
\abovetopsep=\dimen159
\cmidrulesep=\dimen160
\cmidrulekern=\dimen161
\defaultaddspace=\dimen162
\@cmidla=\count283
\@cmidlb=\count284
\@aboverulesep=\dimen163
\@belowrulesep=\dimen164
\@thisruleclass=\count285
\@lastruleclass=\count286
\@thisrulewidth=\dimen165
) ("C:\Program Files\MiKTeX\tex/latex/tools\array.sty"
Package: array 2019/08/31 v2.4l Tabular extension package (FMi)
\col@sep=\dimen166
\ar@mcellbox=\box54
\extrarowheight=\dimen167
\NC@list=\toks23
\extratabsurround=\skip56
\backup@length=\skip57
\ar@cellbox=\box55
) ("C:\Program Files\MiKTeX\tex/latex/tools\calc.sty"
Package: calc 2017/05/25 v4.3 Infix arithmetic (KKT,FJ)
\calc@Acount=\count287
\calc@Bcount=\count288
\calc@Adimen=\dimen168
\calc@Bdimen=\dimen169
\calc@Askip=\skip58
\calc@Bskip=\skip59
LaTeX Info: Redefining \setlength on input line 80.
LaTeX Info: Redefining \addtolength on input line 81.
\calc@Ccount=\count289
\calc@Cskip=\skip60
)
(C:\Users\Akira\AppData\Roaming\MiKTeX\tex/latex/footnotehyper\footnotehyper.st
y
Package: footnotehyper 2019/11/07 v1.1a hyperref aware footnote.sty (JFB)
\FNH@notes=\box56
\FNH@width=\dimen170
) ("C:\Program Files\MiKTeX\tex/latex/graphics\graphicx.sty"
Package: graphicx 2020/09/09 v1.2b Enhanced LaTeX Graphics (DPC,SPQR)
("C:\Program Files\MiKTeX\tex/latex/graphics\graphics.sty"
Package: graphics 2020/08/30 v1.4c Standard LaTeX Graphics (DPC,SPQR)
("C:\Program Files\MiKTeX\tex/latex/graphics\trig.sty"
Package: trig 2016/01/03 v1.10 sin cos tan (DPC)
) ("C:\Program Files\MiKTeX\tex/latex/graphics-cfg\graphics.cfg"
File: graphics.cfg 2016/06/04 v1.11 sample graphics configuration
)
Package graphics Info: Driver file: xetex.def on input line 105.
)
\Gin@req@height=\dimen171
\Gin@req@width=\dimen172
) (C:\Users\Akira\AppData\Roaming\MiKTeX\tex/latex/natbib\natbib.sty
Package: natbib 2010/09/13 8.31b (PWD, AO)
\bibhang=\skip61
\bibsep=\skip62
LaTeX Info: Redefining \cite on input line 694.
\c@NAT@ctr=\count290
) (C:\Users\Akira\AppData\Roaming\MiKTeX\tex/latex/bookmark\bookmark.sty
Package: bookmark 2019/12/03 v1.28 PDF bookmarks (HO)
("C:\Program Files\MiKTeX\tex/latex/hyperref\hyperref.sty"
Package: hyperref 2020-05-15 v7.00e Hypertext links for LaTeX
("C:\Program Files\MiKTeX\tex/generic/pdftexcmds\pdftexcmds.sty"
Package: pdftexcmds 2020-06-27 v0.33 Utility functions of pdfTeX for LuaTeX (HO
)
(C:\Users\Akira\AppData\Roaming\MiKTeX\tex/generic/infwarerr\infwarerr.sty
Package: infwarerr 2019/12/03 v1.5 Providing info/warning/error messages (HO)
)
Package pdftexcmds Info: \pdf@primitive is available.
Package pdftexcmds Info: \pdf@ifprimitive is available.
Package pdftexcmds Info: \pdfdraftmode not found.
)
(C:\Users\Akira\AppData\Roaming\MiKTeX\tex/generic/kvdefinekeys\kvdefinekeys.st
y
Package: kvdefinekeys 2019-12-19 v1.6 Define keys (HO)
) (C:\Users\Akira\AppData\Roaming\MiKTeX\tex/generic/pdfescape\pdfescape.sty
Package: pdfescape 2019/12/09 v1.15 Implements pdfTeX's escape features (HO)
) (C:\Users\Akira\AppData\Roaming\MiKTeX\tex/latex/hycolor\hycolor.sty
Package: hycolor 2020-01-27 v1.10 Color options for hyperref/bookmark (HO)
) (C:\Users\Akira\AppData\Roaming\MiKTeX\tex/latex/letltxmacro\letltxmacro.sty
Package: letltxmacro 2019/12/03 v1.6 Let assignment for LaTeX macros (HO)
) (C:\Users\Akira\AppData\Roaming\MiKTeX\tex/latex/auxhook\auxhook.sty
Package: auxhook 2019-12-17 v1.6 Hooks for auxiliary files (HO)
)
\@linkdim=\dimen173
\Hy@linkcounter=\count291
\Hy@pagecounter=\count292
("C:\Program Files\MiKTeX\tex/latex/hyperref\pd1enc.def"
File: pd1enc.def 2020-05-15 v7.00e Hyperref: PDFDocEncoding definition (HO)
) (C:\Users\Akira\AppData\Roaming\MiKTeX\tex/generic/intcalc\intcalc.sty
Package: intcalc 2019/12/15 v1.3 Expandable calculations with integers (HO)
) (C:\Users\Akira\AppData\Roaming\MiKTeX\tex/generic/etexcmds\etexcmds.sty
Package: etexcmds 2019/12/15 v1.7 Avoid name clashes with e-TeX commands (HO)
)
\Hy@SavedSpaceFactor=\count293
Package hyperref Info: Option `unicode' set `true' on input line 4338.
("C:\Program Files\MiKTeX\tex/latex/hyperref\puenc.def"
File: puenc.def 2020-05-15 v7.00e Hyperref: PDF Unicode definition (HO)
)
Package hyperref Info: Hyper figures OFF on input line 4464.
Package hyperref Info: Link nesting OFF on input line 4469.
Package hyperref Info: Hyper index ON on input line 4472.
Package hyperref Info: Plain pages OFF on input line 4479.
Package hyperref Info: Backreferencing OFF on input line 4484.
Package hyperref Info: Implicit mode ON; LaTeX internals redefined.
Package hyperref Info: Bookmarks ON on input line 4717.
\c@Hy@tempcnt=\count294
("C:\Program Files\MiKTeX\tex/latex/url\url.sty"
\Urlmuskip=\muskip18
Package: url 2013/09/16  ver 3.4  Verb mode for urls, etc.
)
LaTeX Info: Redefining \url on input line 5076.
\XeTeXLinkMargin=\dimen174
(C:\Users\Akira\AppData\Roaming\MiKTeX\tex/generic/bitset\bitset.sty
Package: bitset 2019/12/09 v1.3 Handle bit-vector datatype (HO)
(C:\Users\Akira\AppData\Roaming\MiKTeX\tex/generic/bigintcalc\bigintcalc.sty
Package: bigintcalc 2019/12/15 v1.5 Expandable calculations on big integers (HO
)
))
\Fld@menulength=\count295
\Field@Width=\dimen175
\Fld@charsize=\dimen176
Package hyperref Info: Hyper figures OFF on input line 6347.
Package hyperref Info: Link nesting OFF on input line 6352.
Package hyperref Info: Hyper index ON on input line 6355.
Package hyperref Info: backreferencing OFF on input line 6362.
Package hyperref Info: Link coloring OFF on input line 6367.
Package hyperref Info: Link coloring with OCG OFF on input line 6372.
Package hyperref Info: PDF/A mode OFF on input line 6377.
LaTeX Info: Redefining \ref on input line 6417.
LaTeX Info: Redefining \pageref on input line 6421.
("C:\Program Files\MiKTeX\tex/latex/base\atbegshi-ltx.sty"
Package: atbegshi-ltx 2020/08/17 v1.0a Emulation of the original atbegshi packa
ge
with kernel methods
)
\Hy@abspage=\count296
\c@Item=\count297
\c@Hfootnote=\count298
)
Package hyperref Info: Driver (autodetected): hxetex.
("C:\Program Files\MiKTeX\tex/latex/hyperref\hxetex.def"
File: hxetex.def 2020-05-15 v7.00e Hyperref driver for XeTeX
(C:\Users\Akira\AppData\Roaming\MiKTeX\tex/generic/stringenc\stringenc.sty
Package: stringenc 2019/11/29 v1.12 Convert strings between diff. encodings (HO
)
)
\pdfm@box=\box57
\c@Hy@AnnotLevel=\count299
\HyField@AnnotCount=\count300
\Fld@listcount=\count301
\c@bookmark@seq@number=\count302

(C:\Users\Akira\AppData\Roaming\MiKTeX\tex/latex/rerunfilecheck\rerunfilecheck.
sty
Package: rerunfilecheck 2019/12/05 v1.9 Rerun checks for auxiliary files (HO)
("C:\Program Files\MiKTeX\tex/latex/base\atveryend-ltx.sty"
Package: atveryend-ltx 2020/08/19 v1.0a Emulation of the original atvery packag
e
with kernel methods
)
(C:\Users\Akira\AppData\Roaming\MiKTeX\tex/generic/uniquecounter\uniquecounter.
sty
Package: uniquecounter 2019/12/15 v1.4 Provide unlimited unique counter (HO)
)
Package uniquecounter Info: New unique counter `rerunfilecheck' on input line 2
86.
)
\Hy@SectionHShift=\skip63
) (C:\Users\Akira\AppData\Roaming\MiKTeX\tex/latex/bookmark\bkm-dvipdfm.def
File: bkm-dvipdfm.def 2019/12/03 v1.28 bookmark driver for dvipdfm (HO)
\BKM@id=\count303
)) (C:\Users\Akira\AppData\Roaming\MiKTeX\tex/latex/xurl\xurl.sty
Package: xurl 2020/01/24 v 0.09 modify URL breaks
) (_main.aux)
\openout1 = `_main.aux'.

LaTeX Font Info:    Checking defaults for OML/cmm/m/it on input line 82.
LaTeX Font Info:    ... okay on input line 82.
LaTeX Font Info:    Checking defaults for OMS/cmsy/m/n on input line 82.
LaTeX Font Info:    ... okay on input line 82.
LaTeX Font Info:    Checking defaults for OT1/cmr/m/n on input line 82.
LaTeX Font Info:    ... okay on input line 82.
LaTeX Font Info:    Checking defaults for T1/cmr/m/n on input line 82.
LaTeX Font Info:    ... okay on input line 82.
LaTeX Font Info:    Checking defaults for TS1/cmr/m/n on input line 82.
LaTeX Font Info:    ... okay on input line 82.
LaTeX Font Info:    Checking defaults for TU/lmr/m/n on input line 82.
LaTeX Font Info:    ... okay on input line 82.
LaTeX Font Info:    Checking defaults for OMX/cmex/m/n on input line 82.
LaTeX Font Info:    ... okay on input line 82.
LaTeX Font Info:    Checking defaults for U/cmr/m/n on input line 82.
LaTeX Font Info:    ... okay on input line 82.
LaTeX Font Info:    Checking defaults for PD1/pdf/m/n on input line 82.
LaTeX Font Info:    ... okay on input line 82.
LaTeX Font Info:    Checking defaults for PU/pdf/m/n on input line 82.
LaTeX Font Info:    ... okay on input line 82.
LaTeX Font Info:    Overwriting math alphabet `\mathrm' in version `normal'
(Font)                  OT1/lmr/m/n --> TU/lmr/m/n on input line 82.
LaTeX Font Info:    Overwriting math alphabet `\mathit' in version `normal'
(Font)                  OT1/lmr/m/it --> TU/lmr/m/it on input line 82.
LaTeX Font Info:    Overwriting math alphabet `\mathbf' in version `normal'
(Font)                  OT1/lmr/bx/n --> TU/lmr/bx/n on input line 82.
LaTeX Font Info:    Overwriting math alphabet `\mathsf' in version `normal'
(Font)                  OT1/lmss/m/n --> TU/lmss/m/n on input line 82.
LaTeX Font Info:    Overwriting math alphabet `\mathsf' in version `bold'
(Font)                  OT1/lmss/bx/n --> TU/lmss/bx/n on input line 82.
LaTeX Font Info:    Overwriting math alphabet `\mathtt' in version `normal'
(Font)                  OT1/lmtt/m/n --> TU/lmtt/m/n on input line 82.
LaTeX Font Info:    Overwriting math alphabet `\mathtt' in version `bold'
(Font)                  OT1/lmtt/m/n --> TU/lmtt/bx/n on input line 82.

Package fontspec Info: latinmodern-math scale = 0.9999964596882403.


Package fontspec Info: latinmodern-math scale = 0.9999964596882403.


Package fontspec Info: latinmodern-math scale = 0.9999964596882403.


Package fontspec Info: Font family 'latinmodern-math.otf(0)' created for font
(fontspec)             'latinmodern-math.otf' with options
(fontspec)             [Scale=MatchLowercase,BoldItalicFont={},ItalicFont={},Sm
allCapsFont={},Script=Math,BoldFont={latinmodern-math.otf}].
(fontspec)              
(fontspec)              This font family consists of the following NFSS
(fontspec)             series/shapes:
(fontspec)              
(fontspec)             - 'normal' (m/n) with NFSS spec.:
(fontspec)             <->s*[0.9999964596882403]"[latinmodern-math.otf]/OT:scri
pt=math;language=dflt;"
(fontspec)             - 'small caps'  (m/sc) with NFSS spec.: 
(fontspec)             - 'bold' (b/n) with NFSS spec.:
(fontspec)             <->s*[0.9999964596882403]"[latinmodern-math.otf]/OT:scri
pt=math;language=dflt;"
(fontspec)             - 'bold small caps'  (b/sc) with NFSS spec.: 

LaTeX Font Info:    Font shape `TU/latinmodern-math.otf(0)/m/n' will be
(Font)              scaled to size 10.0pt on input line 82.

Package fontspec Info: latinmodern-math scale = 0.9999964596882403.


Package fontspec Info: latinmodern-math scale = 0.9999964596882403.


Package fontspec Info: latinmodern-math scale = 0.9999964596882403.


Package fontspec Info: latinmodern-math scale = 0.9999964596882403.


Package fontspec Info: latinmodern-math scale = 0.9999964596882403.


Package fontspec Info: Font family 'latinmodern-math.otf(1)' created for font
(fontspec)             'latinmodern-math.otf' with options
(fontspec)             [Scale=MatchLowercase,BoldItalicFont={},ItalicFont={},Sm
allCapsFont={},Script=Math,SizeFeatures={{Size=8.5-},{Size=6-8.5,Font=latinmode
rn-math.otf,Style=MathScript},{Size=-6,Font=latinmodern-math.otf,Style=MathScri
ptScript}},BoldFont={latinmodern-math.otf}].
(fontspec)              
(fontspec)              This font family consists of the following NFSS
(fontspec)             series/shapes:
(fontspec)              
(fontspec)             - 'normal' (m/n) with NFSS spec.:
(fontspec)             <8.5->s*[0.9999964596882403]"[latinmodern-math.otf]/OT:s
cript=math;language=dflt;"<6-8.5>s*[0.9999964596882403]"[latinmodern-math.otf]/
OT:script=math;language=dflt;+ssty=0;"<-6>s*[0.9999964596882403]"[latinmodern-m
ath.otf]/OT:script=math;language=dflt;+ssty=1;"
(fontspec)             - 'small caps'  (m/sc) with NFSS spec.: 
(fontspec)             - 'bold' (b/n) with NFSS spec.:
(fontspec)             <->s*[0.9999964596882403]"[latinmodern-math.otf]/OT:scri
pt=math;language=dflt;"
(fontspec)             - 'bold small caps'  (b/sc) with NFSS spec.: 

LaTeX Font Info:    Font shape `TU/latinmodern-math.otf(1)/m/n' will be
(Font)              scaled to size 10.0pt on input line 82.
LaTeX Font Info:    Encoding `OT1' has changed to `TU' for symbol font
(Font)              `operators' in the math version `normal' on input line 82.
LaTeX Font Info:    Overwriting symbol font `operators' in version `normal'
(Font)                  OT1/lmr/m/n --> TU/latinmodern-math.otf(1)/m/n on input
 line 82.
LaTeX Font Info:    Encoding `OT1' has changed to `TU' for symbol font
(Font)              `operators' in the math version `bold' on input line 82.
LaTeX Font Info:    Overwriting symbol font `operators' in version `bold'
(Font)                  OT1/lmr/bx/n --> TU/latinmodern-math.otf(1)/b/n on inpu
t line 82.

Package fontspec Info: latinmodern-math scale = 0.9999964596882403.


Package fontspec Info: latinmodern-math scale = 1.000096459334209.


Package fontspec Info: latinmodern-math scale = 0.9999964596882403.


Package fontspec Info: latinmodern-math scale = 1.000096459334209.


Package fontspec Info: latinmodern-math scale = 0.9999964596882403.


Package fontspec Info: latinmodern-math scale = 1.000096459334209.


Package fontspec Info: latinmodern-math scale = 0.9999964596882403.


Package fontspec Info: latinmodern-math scale = 1.000096459334209.


Package fontspec Info: latinmodern-math scale = 0.9999964596882403.


Package fontspec Info: latinmodern-math scale = 1.000096459334209.


Package fontspec Info: Font family 'latinmodern-math.otf(2)' created for font
(fontspec)             'latinmodern-math.otf' with options
(fontspec)             [Scale=MatchLowercase,BoldItalicFont={},ItalicFont={},Sm
allCapsFont={},Script=Math,SizeFeatures={{Size=8.5-},{Size=6-8.5,Font=latinmode
rn-math.otf,Style=MathScript},{Size=-6,Font=latinmodern-math.otf,Style=MathScri
ptScript}},BoldFont={latinmodern-math.otf},ScaleAgain=1.0001,FontAdjustment={\f
ontdimen
(fontspec)             8\font =6.77pt\relax \fontdimen 9\font =3.94pt\relax
(fontspec)             \fontdimen 10\font =4.44pt\relax \fontdimen 11\font
(fontspec)             =6.86pt\relax \fontdimen 12\font =3.45pt\relax
(fontspec)             \fontdimen 13\font =3.63pt\relax \fontdimen 14\font
(fontspec)             =3.63pt\relax \fontdimen 15\font =2.89pt\relax
(fontspec)             \fontdimen 16\font =2.47pt\relax \fontdimen 17\font
(fontspec)             =2.47pt\relax \fontdimen 18\font =2.5pt\relax
(fontspec)             \fontdimen 19\font =2.0pt\relax \fontdimen 22\font
(fontspec)             =2.5pt\relax \fontdimen 20\font =0pt\relax \fontdimen
(fontspec)             21\font =0pt\relax }].
(fontspec)              
(fontspec)              This font family consists of the following NFSS
(fontspec)             series/shapes:
(fontspec)              
(fontspec)             - 'normal' (m/n) with NFSS spec.:
(fontspec)             <8.5->s*[1.000096459334209]"[latinmodern-math.otf]/OT:sc
ript=math;language=dflt;"<6-8.5>s*[1.000096459334209]"[latinmodern-math.otf]/OT
:script=math;language=dflt;+ssty=0;"<-6>s*[1.000096459334209]"[latinmodern-math
.otf]/OT:script=math;language=dflt;+ssty=1;"
(fontspec)             - 'small caps'  (m/sc) with NFSS spec.: 
(fontspec)             and font adjustment code:
(fontspec)             \fontdimen 8\font =6.77pt\relax \fontdimen 9\font
(fontspec)             =3.94pt\relax \fontdimen 10\font =4.44pt\relax
(fontspec)             \fontdimen 11\font =6.86pt\relax \fontdimen 12\font
(fontspec)             =3.45pt\relax \fontdimen 13\font =3.63pt\relax
(fontspec)             \fontdimen 14\font =3.63pt\relax \fontdimen 15\font
(fontspec)             =2.89pt\relax \fontdimen 16\font =2.47pt\relax
(fontspec)             \fontdimen 17\font =2.47pt\relax \fontdimen 18\font
(fontspec)             =2.5pt\relax \fontdimen 19\font =2.0pt\relax \fontdimen
(fontspec)             22\font =2.5pt\relax \fontdimen 20\font =0pt\relax
(fontspec)             \fontdimen 21\font =0pt\relax 
(fontspec)             - 'bold' (b/n) with NFSS spec.:
(fontspec)             <->s*[1.000096459334209]"[latinmodern-math.otf]/OT:scrip
t=math;language=dflt;"
(fontspec)             - 'bold small caps'  (b/sc) with NFSS spec.: 
(fontspec)             and font adjustment code:
(fontspec)             \fontdimen 8\font =6.77pt\relax \fontdimen 9\font
(fontspec)             =3.94pt\relax \fontdimen 10\font =4.44pt\relax
(fontspec)             \fontdimen 11\font =6.86pt\relax \fontdimen 12\font
(fontspec)             =3.45pt\relax \fontdimen 13\font =3.63pt\relax
(fontspec)             \fontdimen 14\font =3.63pt\relax \fontdimen 15\font
(fontspec)             =2.89pt\relax \fontdimen 16\font =2.47pt\relax
(fontspec)             \fontdimen 17\font =2.47pt\relax \fontdimen 18\font
(fontspec)             =2.5pt\relax \fontdimen 19\font =2.0pt\relax \fontdimen
(fontspec)             22\font =2.5pt\relax \fontdimen 20\font =0pt\relax
(fontspec)             \fontdimen 21\font =0pt\relax 

LaTeX Font Info:    Encoding `OMS' has changed to `TU' for symbol font
(Font)              `symbols' in the math version `normal' on input line 82.
LaTeX Font Info:    Overwriting symbol font `symbols' in version `normal'
(Font)                  OMS/lmsy/m/n --> TU/latinmodern-math.otf(2)/m/n on inpu
t line 82.
LaTeX Font Info:    Encoding `OMS' has changed to `TU' for symbol font
(Font)              `symbols' in the math version `bold' on input line 82.
LaTeX Font Info:    Overwriting symbol font `symbols' in version `bold'
(Font)                  OMS/lmsy/b/n --> TU/latinmodern-math.otf(2)/b/n on inpu
t line 82.

Package fontspec Info: latinmodern-math scale = 0.9999964596882403.


Package fontspec Info: latinmodern-math scale = 0.9998964600422715.


Package fontspec Info: latinmodern-math scale = 0.9999964596882403.


Package fontspec Info: latinmodern-math scale = 0.9998964600422715.


Package fontspec Info: latinmodern-math scale = 0.9999964596882403.


Package fontspec Info: latinmodern-math scale = 0.9998964600422715.


Package fontspec Info: latinmodern-math scale = 0.9999964596882403.


Package fontspec Info: latinmodern-math scale = 0.9998964600422715.


Package fontspec Info: latinmodern-math scale = 0.9999964596882403.


Package fontspec Info: latinmodern-math scale = 0.9998964600422715.


Package fontspec Info: Font family 'latinmodern-math.otf(3)' created for font
(fontspec)             'latinmodern-math.otf' with options
(fontspec)             [Scale=MatchLowercase,BoldItalicFont={},ItalicFont={},Sm
allCapsFont={},Script=Math,SizeFeatures={{Size=8.5-},{Size=6-8.5,Font=latinmode
rn-math.otf,Style=MathScript},{Size=-6,Font=latinmodern-math.otf,Style=MathScri
ptScript}},BoldFont={latinmodern-math.otf},ScaleAgain=0.9999,FontAdjustment={\f
ontdimen
(fontspec)             8\font =0.4pt\relax \fontdimen 9\font =2.0pt\relax
(fontspec)             \fontdimen 10\font =1.67pt\relax \fontdimen 11\font
(fontspec)             =1.11pt\relax \fontdimen 12\font =6.0pt\relax
(fontspec)             \fontdimen 13\font =0pt\relax }].
(fontspec)              
(fontspec)              This font family consists of the following NFSS
(fontspec)             series/shapes:
(fontspec)              
(fontspec)             - 'normal' (m/n) with NFSS spec.:
(fontspec)             <8.5->s*[0.9998964600422715]"[latinmodern-math.otf]/OT:s
cript=math;language=dflt;"<6-8.5>s*[0.9998964600422715]"[latinmodern-math.otf]/
OT:script=math;language=dflt;+ssty=0;"<-6>s*[0.9998964600422715]"[latinmodern-m
ath.otf]/OT:script=math;language=dflt;+ssty=1;"
(fontspec)             - 'small caps'  (m/sc) with NFSS spec.: 
(fontspec)             and font adjustment code:
(fontspec)             \fontdimen 8\font =0.4pt\relax \fontdimen 9\font
(fontspec)             =2.0pt\relax \fontdimen 10\font =1.67pt\relax
(fontspec)             \fontdimen 11\font =1.11pt\relax \fontdimen 12\font
(fontspec)             =6.0pt\relax \fontdimen 13\font =0pt\relax 
(fontspec)             - 'bold' (b/n) with NFSS spec.:
(fontspec)             <->s*[0.9998964600422715]"[latinmodern-math.otf]/OT:scri
pt=math;language=dflt;"
(fontspec)             - 'bold small caps'  (b/sc) with NFSS spec.: 
(fontspec)             and font adjustment code:
(fontspec)             \fontdimen 8\font =0.4pt\relax \fontdimen 9\font
(fontspec)             =2.0pt\relax \fontdimen 10\font =1.67pt\relax
(fontspec)             \fontdimen 11\font =1.11pt\relax \fontdimen 12\font
(fontspec)             =6.0pt\relax \fontdimen 13\font =0pt\relax 

LaTeX Font Info:    Encoding `OMX' has changed to `TU' for symbol font
(Font)              `largesymbols' in the math version `normal' on input line 8
2.
LaTeX Font Info:    Overwriting symbol font `largesymbols' in version `normal'
(Font)                  OMX/lmex/m/n --> TU/latinmodern-math.otf(3)/m/n on inpu
t line 82.
LaTeX Font Info:    Encoding `OMX' has changed to `TU' for symbol font
(Font)              `largesymbols' in the math version `bold' on input line 82.

LaTeX Font Info:    Overwriting symbol font `largesymbols' in version `bold'
(Font)                  OMX/lmex/m/n --> TU/latinmodern-math.otf(3)/b/n on inpu
t line 82.
LaTeX Info: Redefining \microtypecontext on input line 82.
Package microtype Info: Character protrusion enabled (level 2).
Package microtype Info: Using protrusion set `basicmath'.
Package microtype Info: No adjustment of tracking.
Package microtype Info: No adjustment of spacing.
Package microtype Info: No adjustment of kerning.

(C:\Users\Akira\AppData\Roaming\MiKTeX\tex/latex/microtype\mt-LatinModernRoman.
cfg
File: mt-LatinModernRoman.cfg 2013/03/13 v1.0 microtype config. file: Latin Mod
ern Roman (RS)
)
Package hyperref Info: Link coloring OFF on input line 82.
("C:\Program Files\MiKTeX\tex/latex/hyperref\nameref.sty"
Package: nameref 2019/09/16 v2.46 Cross-referencing by name of section
(C:\Users\Akira\AppData\Roaming\MiKTeX\tex/latex/refcount\refcount.sty
Package: refcount 2019/12/15 v3.6 Data extraction from label references (HO)
)
(C:\Users\Akira\AppData\Roaming\MiKTeX\tex/generic/gettitlestring\gettitlestrin
g.sty
Package: gettitlestring 2019/12/15 v1.6 Cleanup title references (HO)
)
\c@section@level=\count304
)
LaTeX Info: Redefining \ref on input line 82.
LaTeX Info: Redefining \pageref on input line 82.
LaTeX Info: Redefining \nameref on input line 82.
LaTeX Font Info:    Font shape `TU/latinmodern-math.otf(1)/m/n' will be
(Font)              scaled to size 12.0pt on input line 84.
LaTeX Font Info:    Font shape `TU/latinmodern-math.otf(1)/m/n' will be
(Font)              scaled to size 8.0pt on input line 84.
LaTeX Font Info:    Font shape `TU/latinmodern-math.otf(1)/m/n' will be
(Font)              scaled to size 6.0pt on input line 84.
LaTeX Font Info:    Trying to load font information for OML+lmm on input line 8
4.
("C:\Program Files\MiKTeX\tex/latex/lm\omllmm.fd"
File: omllmm.fd 2009/10/30 v1.6 Font defs for Latin Modern
)
LaTeX Font Info:    Font shape `TU/latinmodern-math.otf(2)/m/n' will be
(Font)              scaled to size 12.0011pt on input line 84.
LaTeX Font Info:    Font shape `TU/latinmodern-math.otf(2)/m/n' will be
(Font)              scaled to size 8.00073pt on input line 84.
LaTeX Font Info:    Font shape `TU/latinmodern-math.otf(2)/m/n' will be
(Font)              scaled to size 6.00055pt on input line 84.
LaTeX Font Info:    Font shape `TU/latinmodern-math.otf(3)/m/n' will be
(Font)              scaled to size 11.99872pt on input line 84.
LaTeX Font Info:    Font shape `TU/latinmodern-math.otf(3)/m/n' will be
(Font)              scaled to size 7.99915pt on input line 84.
LaTeX Font Info:    Font shape `TU/latinmodern-math.otf(3)/m/n' will be
(Font)              scaled to size 5.99936pt on input line 84.
LaTeX Font Info:    Trying to load font information for U+msa on input line 84.

("C:\Program Files\MiKTeX\tex/latex/amsfonts\umsa.fd"
File: umsa.fd 2013/01/14 v3.01 AMS symbols A
) (C:\Users\Akira\AppData\Roaming\MiKTeX\tex/latex/microtype\mt-msa.cfg
File: mt-msa.cfg 2006/02/04 v1.1 microtype config. file: AMS symbols (a) (RS)
)
LaTeX Font Info:    Trying to load font information for U+msb on input line 84.

("C:\Program Files\MiKTeX\tex/latex/amsfonts\umsb.fd"
File: umsb.fd 2013/01/14 v3.01 AMS symbols B
) (C:\Users\Akira\AppData\Roaming\MiKTeX\tex/latex/microtype\mt-msb.cfg
File: mt-msb.cfg 2005/06/01 v1.0 microtype config. file: AMS symbols (b) (RS)
) [1


] [2

] (_main.toc
LaTeX Font Info:    Font shape `TU/latinmodern-math.otf(1)/m/n' will be
(Font)              scaled to size 7.0pt on input line 3.
LaTeX Font Info:    Font shape `TU/latinmodern-math.otf(1)/m/n' will be
(Font)              scaled to size 5.0pt on input line 3.
LaTeX Font Info:    Font shape `TU/latinmodern-math.otf(2)/m/n' will be
(Font)              scaled to size 10.00092pt on input line 3.
LaTeX Font Info:    Font shape `TU/latinmodern-math.otf(2)/m/n' will be
(Font)              scaled to size 7.00064pt on input line 3.
LaTeX Font Info:    Font shape `TU/latinmodern-math.otf(2)/m/n' will be
(Font)              scaled to size 5.00046pt on input line 3.
LaTeX Font Info:    Font shape `TU/latinmodern-math.otf(3)/m/n' will be
(Font)              scaled to size 9.99893pt on input line 3.
LaTeX Font Info:    Font shape `TU/latinmodern-math.otf(3)/m/n' will be
(Font)              scaled to size 6.99925pt on input line 3.
LaTeX Font Info:    Font shape `TU/latinmodern-math.otf(3)/m/n' will be
(Font)              scaled to size 4.99947pt on input line 3.
)
\tf@toc=\write3
\openout3 = `_main.toc'.

[3] [4

]
Chapter 1.
[5] [6

]
Chapter 2.
File: image/r_image01.png Graphic file (type bmp)
<image/r_image01.png>

Overfull \hbox (618.10051pt too wide) in paragraph at lines 113--113
[][] 
 []


LaTeX Warning: Float too large for page by 16.11653pt on input line 114.

[7] [8]
Overfull \hbox (2.85919pt too wide) in paragraph at lines 161--161
[]|\TU/lmtt/m/n/10 /data_format|  
 []

[9] [10]
Chapter 3.
[11

]
Overfull \hbox (90.75pt too wide) in paragraph at lines 279--279
[]\TU/lmtt/m/n/10 ##  [1] 1.0 1.1 1.2 1.3 1.4 1.5 1.6 1.7 1.8 1.9 2.0 2.1 2.2 2
.3 2.4 2.5 2.6 2.7 2.8[] 
 []


Overfull \hbox (90.75pt too wide) in paragraph at lines 279--279
[]\TU/lmtt/m/n/10 ## [20] 2.9 3.0 3.1 3.2 3.3 3.4 3.5 3.6 3.7 3.8 3.9 4.0 4.1 4
.2 4.3 4.4 4.5 4.6 4.7[] 
 []

[12] [13]
Underfull \hbox (badness 10000) in paragraph at lines 454--455

 []


Underfull \hbox (badness 10000) in paragraph at lines 475--476

 []

[14]
Underfull \vbox (badness 1533) has occurred while \output is active []

[15]
Underfull \hbox (badness 10000) in paragraph at lines 602--603

 []


Underfull \hbox (badness 10000) in paragraph at lines 608--609

 []

[16] [17] [18

]
Chapter 4.

Overfull \hbox (6.75pt too wide) in paragraph at lines 868--868
[]\TU/lmtt/m/n/10 ##     Sepal.Length Sepal.Width Petal.Length Petal.Width    S
pecies[] 
 []


Overfull \hbox (6.75pt too wide) in paragraph at lines 868--868
[]\TU/lmtt/m/n/10 ## 1            5.1         3.5          1.4         0.2     
setosa[] 
 []


Overfull \hbox (6.75pt too wide) in paragraph at lines 868--868
[]\TU/lmtt/m/n/10 ## 2            4.9         3.0          1.4         0.2     
setosa[] 
 []


Overfull \hbox (6.75pt too wide) in paragraph at lines 868--868
[]\TU/lmtt/m/n/10 ## 3            4.7         3.2          1.3         0.2     
setosa[] 
 []


Overfull \hbox (6.75pt too wide) in paragraph at lines 868--868
[]\TU/lmtt/m/n/10 ## 4            4.6         3.1          1.5         0.2     
setosa[] 
 []


Overfull \hbox (6.75pt too wide) in paragraph at lines 868--868
[]\TU/lmtt/m/n/10 ## 5            5.0         3.6          1.4         0.2     
setosa[] 
 []


Overfull \hbox (6.75pt too wide) in paragraph at lines 868--868
[]\TU/lmtt/m/n/10 ## 6            5.4         3.9          1.7         0.4     
setosa[] 
 []


Overfull \hbox (6.75pt too wide) in paragraph at lines 868--868
[]\TU/lmtt/m/n/10 ## 7            4.6         3.4          1.4         0.3     
setosa[] 
 []


Overfull \hbox (6.75pt too wide) in paragraph at lines 868--868
[]\TU/lmtt/m/n/10 ## 8            5.0         3.4          1.5         0.2     
setosa[] 
 []


Overfull \hbox (6.75pt too wide) in paragraph at lines 868--868
[]\TU/lmtt/m/n/10 ## 9            4.4         2.9          1.4         0.2     
setosa[] 
 []


Overfull \hbox (6.75pt too wide) in paragraph at lines 868--868
[]\TU/lmtt/m/n/10 ## 10           4.9         3.1          1.5         0.1     
setosa[] 
 []


Overfull \hbox (6.75pt too wide) in paragraph at lines 868--868
[]\TU/lmtt/m/n/10 ## 11           5.4         3.7          1.5         0.2     
setosa[] 
 []


Overfull \hbox (6.75pt too wide) in paragraph at lines 868--868
[]\TU/lmtt/m/n/10 ## 12           4.8         3.4          1.6         0.2     
setosa[] 
 []


Overfull \hbox (6.75pt too wide) in paragraph at lines 868--868
[]\TU/lmtt/m/n/10 ## 13           4.8         3.0          1.4         0.1     
setosa[] 
 []


Overfull \hbox (6.75pt too wide) in paragraph at lines 868--868
[]\TU/lmtt/m/n/10 ## 14           4.3         3.0          1.1         0.1     
setosa[] 
 []


Overfull \hbox (6.75pt too wide) in paragraph at lines 868--868
[]\TU/lmtt/m/n/10 ## 15           5.8         4.0          1.2         0.2     
setosa[] 
 []


Overfull \hbox (6.75pt too wide) in paragraph at lines 868--868
[]\TU/lmtt/m/n/10 ## 16           5.7         4.4          1.5         0.4     
setosa[] 
 []


Overfull \hbox (6.75pt too wide) in paragraph at lines 868--868
[]\TU/lmtt/m/n/10 ## 17           5.4         3.9          1.3         0.4     
setosa[] 
 []


Overfull \hbox (6.75pt too wide) in paragraph at lines 868--868
[]\TU/lmtt/m/n/10 ## 18           5.1         3.5          1.4         0.3     
setosa[] 
 []


Overfull \hbox (6.75pt too wide) in paragraph at lines 868--868
[]\TU/lmtt/m/n/10 ## 19           5.7         3.8          1.7         0.3     
setosa[] 
 []


Overfull \hbox (6.75pt too wide) in paragraph at lines 868--868
[]\TU/lmtt/m/n/10 ## 20           5.1         3.8          1.5         0.3     
setosa[] 
 []


Overfull \hbox (6.75pt too wide) in paragraph at lines 868--868
[]\TU/lmtt/m/n/10 ## 21           5.4         3.4          1.7         0.2     
setosa[] 
 []


Overfull \hbox (6.75pt too wide) in paragraph at lines 868--868
[]\TU/lmtt/m/n/10 ## 22           5.1         3.7          1.5         0.4     
setosa[] 
 []


Overfull \hbox (6.75pt too wide) in paragraph at lines 868--868
[]\TU/lmtt/m/n/10 ## 23           4.6         3.6          1.0         0.2     
setosa[] 
 []

[19]
Overfull \hbox (6.75pt too wide) in paragraph at lines 868--868
[]\TU/lmtt/m/n/10 ## 24           5.1         3.3          1.7         0.5     
setosa[] 
 []


Overfull \hbox (6.75pt too wide) in paragraph at lines 868--868
[]\TU/lmtt/m/n/10 ## 25           4.8         3.4          1.9         0.2     
setosa[] 
 []


Overfull \hbox (6.75pt too wide) in paragraph at lines 868--868
[]\TU/lmtt/m/n/10 ## 26           5.0         3.0          1.6         0.2     
setosa[] 
 []


Overfull \hbox (6.75pt too wide) in paragraph at lines 868--868
[]\TU/lmtt/m/n/10 ## 27           5.0         3.4          1.6         0.4     
setosa[] 
 []


Overfull \hbox (6.75pt too wide) in paragraph at lines 868--868
[]\TU/lmtt/m/n/10 ## 28           5.2         3.5          1.5         0.2     
setosa[] 
 []


Overfull \hbox (6.75pt too wide) in paragraph at lines 868--868
[]\TU/lmtt/m/n/10 ## 29           5.2         3.4          1.4         0.2     
setosa[] 
 []


Overfull \hbox (6.75pt too wide) in paragraph at lines 868--868
[]\TU/lmtt/m/n/10 ## 30           4.7         3.2          1.6         0.2     
setosa[] 
 []


Overfull \hbox (6.75pt too wide) in paragraph at lines 868--868
[]\TU/lmtt/m/n/10 ## 31           4.8         3.1          1.6         0.2     
setosa[] 
 []


Overfull \hbox (6.75pt too wide) in paragraph at lines 868--868
[]\TU/lmtt/m/n/10 ## 32           5.4         3.4          1.5         0.4     
setosa[] 
 []


Overfull \hbox (6.75pt too wide) in paragraph at lines 868--868
[]\TU/lmtt/m/n/10 ## 33           5.2         4.1          1.5         0.1     
setosa[] 
 []


Overfull \hbox (6.75pt too wide) in paragraph at lines 868--868
[]\TU/lmtt/m/n/10 ## 34           5.5         4.2          1.4         0.2     
setosa[] 
 []


Overfull \hbox (6.75pt too wide) in paragraph at lines 868--868
[]\TU/lmtt/m/n/10 ## 35           4.9         3.1          1.5         0.2     
setosa[] 
 []


Overfull \hbox (6.75pt too wide) in paragraph at lines 868--868
[]\TU/lmtt/m/n/10 ## 36           5.0         3.2          1.2         0.2     
setosa[] 
 []


Overfull \hbox (6.75pt too wide) in paragraph at lines 868--868
[]\TU/lmtt/m/n/10 ## 37           5.5         3.5          1.3         0.2     
setosa[] 
 []


Overfull \hbox (6.75pt too wide) in paragraph at lines 868--868
[]\TU/lmtt/m/n/10 ## 38           4.9         3.6          1.4         0.1     
setosa[] 
 []


Overfull \hbox (6.75pt too wide) in paragraph at lines 868--868
[]\TU/lmtt/m/n/10 ## 39           4.4         3.0          1.3         0.2     
setosa[] 
 []


Overfull \hbox (6.75pt too wide) in paragraph at lines 868--868
[]\TU/lmtt/m/n/10 ## 40           5.1         3.4          1.5         0.2     
setosa[] 
 []


Overfull \hbox (6.75pt too wide) in paragraph at lines 868--868
[]\TU/lmtt/m/n/10 ## 41           5.0         3.5          1.3         0.3     
setosa[] 
 []


Overfull \hbox (6.75pt too wide) in paragraph at lines 868--868
[]\TU/lmtt/m/n/10 ## 42           4.5         2.3          1.3         0.3     
setosa[] 
 []


Overfull \hbox (6.75pt too wide) in paragraph at lines 868--868
[]\TU/lmtt/m/n/10 ## 43           4.4         3.2          1.3         0.2     
setosa[] 
 []


Overfull \hbox (6.75pt too wide) in paragraph at lines 868--868
[]\TU/lmtt/m/n/10 ## 44           5.0         3.5          1.6         0.6     
setosa[] 
 []


Overfull \hbox (6.75pt too wide) in paragraph at lines 868--868
[]\TU/lmtt/m/n/10 ## 45           5.1         3.8          1.9         0.4     
setosa[] 
 []


Overfull \hbox (6.75pt too wide) in paragraph at lines 868--868
[]\TU/lmtt/m/n/10 ## 46           4.8         3.0          1.4         0.3     
setosa[] 
 []


Overfull \hbox (6.75pt too wide) in paragraph at lines 868--868
[]\TU/lmtt/m/n/10 ## 47           5.1         3.8          1.6         0.2     
setosa[] 
 []


Overfull \hbox (6.75pt too wide) in paragraph at lines 868--868
[]\TU/lmtt/m/n/10 ## 48           4.6         3.2          1.4         0.2     
setosa[] 
 []


Overfull \hbox (6.75pt too wide) in paragraph at lines 868--868
[]\TU/lmtt/m/n/10 ## 49           5.3         3.7          1.5         0.2     
setosa[] 
 []


Overfull \hbox (6.75pt too wide) in paragraph at lines 868--868
[]\TU/lmtt/m/n/10 ## 50           5.0         3.3          1.4         0.2     
setosa[] 
 []


Overfull \hbox (6.75pt too wide) in paragraph at lines 868--868
[]\TU/lmtt/m/n/10 ## 51           7.0         3.2          4.7         1.4 vers
icolor[] 
 []


Overfull \hbox (6.75pt too wide) in paragraph at lines 868--868
[]\TU/lmtt/m/n/10 ## 52           6.4         3.2          4.5         1.5 vers
icolor[] 
 []


Overfull \hbox (6.75pt too wide) in paragraph at lines 868--868
[]\TU/lmtt/m/n/10 ## 53           6.9         3.1          4.9         1.5 vers
icolor[] 
 []


Overfull \hbox (6.75pt too wide) in paragraph at lines 868--868
[]\TU/lmtt/m/n/10 ## 54           5.5         2.3          4.0         1.3 vers
icolor[] 
 []


Overfull \hbox (6.75pt too wide) in paragraph at lines 868--868
[]\TU/lmtt/m/n/10 ## 55           6.5         2.8          4.6         1.5 vers
icolor[] 
 []


Overfull \hbox (6.75pt too wide) in paragraph at lines 868--868
[]\TU/lmtt/m/n/10 ## 56           5.7         2.8          4.5         1.3 vers
icolor[] 
 []


Overfull \hbox (6.75pt too wide) in paragraph at lines 868--868
[]\TU/lmtt/m/n/10 ## 57           6.3         3.3          4.7         1.6 vers
icolor[] 
 []


Overfull \hbox (6.75pt too wide) in paragraph at lines 868--868
[]\TU/lmtt/m/n/10 ## 58           4.9         2.4          3.3         1.0 vers
icolor[] 
 []


Overfull \hbox (6.75pt too wide) in paragraph at lines 868--868
[]\TU/lmtt/m/n/10 ## 59           6.6         2.9          4.6         1.3 vers
icolor[] 
 []


Overfull \hbox (6.75pt too wide) in paragraph at lines 868--868
[]\TU/lmtt/m/n/10 ## 60           5.2         2.7          3.9         1.4 vers
icolor[] 
 []


Overfull \hbox (6.75pt too wide) in paragraph at lines 868--868
[]\TU/lmtt/m/n/10 ## 61           5.0         2.0          3.5         1.0 vers
icolor[] 
 []


Overfull \hbox (6.75pt too wide) in paragraph at lines 868--868
[]\TU/lmtt/m/n/10 ## 62           5.9         3.0          4.2         1.5 vers
icolor[] 
 []


Overfull \hbox (6.75pt too wide) in paragraph at lines 868--868
[]\TU/lmtt/m/n/10 ## 63           6.0         2.2          4.0         1.0 vers
icolor[] 
 []


Overfull \hbox (6.75pt too wide) in paragraph at lines 868--868
[]\TU/lmtt/m/n/10 ## 64           6.1         2.9          4.7         1.4 vers
icolor[] 
 []


Overfull \hbox (6.75pt too wide) in paragraph at lines 868--868
[]\TU/lmtt/m/n/10 ## 65           5.6         2.9          3.6         1.3 vers
icolor[] 
 []


Overfull \hbox (6.75pt too wide) in paragraph at lines 868--868
[]\TU/lmtt/m/n/10 ## 66           6.7         3.1          4.4         1.4 vers
icolor[] 
 []


Overfull \hbox (6.75pt too wide) in paragraph at lines 868--868
[]\TU/lmtt/m/n/10 ## 67           5.6         3.0          4.5         1.5 vers
icolor[] 
 []


Overfull \hbox (6.75pt too wide) in paragraph at lines 868--868
[]\TU/lmtt/m/n/10 ## 68           5.8         2.7          4.1         1.0 vers
icolor[] 
 []


Overfull \hbox (6.75pt too wide) in paragraph at lines 868--868
[]\TU/lmtt/m/n/10 ## 69           6.2         2.2          4.5         1.5 vers
icolor[] 
 []

[20]
Overfull \hbox (6.75pt too wide) in paragraph at lines 868--868
[]\TU/lmtt/m/n/10 ## 70           5.6         2.5          3.9         1.1 vers
icolor[] 
 []


Overfull \hbox (6.75pt too wide) in paragraph at lines 868--868
[]\TU/lmtt/m/n/10 ## 71           5.9         3.2          4.8         1.8 vers
icolor[] 
 []


Overfull \hbox (6.75pt too wide) in paragraph at lines 868--868
[]\TU/lmtt/m/n/10 ## 72           6.1         2.8          4.0         1.3 vers
icolor[] 
 []


Overfull \hbox (6.75pt too wide) in paragraph at lines 868--868
[]\TU/lmtt/m/n/10 ## 73           6.3         2.5          4.9         1.5 vers
icolor[] 
 []


Overfull \hbox (6.75pt too wide) in paragraph at lines 868--868
[]\TU/lmtt/m/n/10 ## 74           6.1         2.8          4.7         1.2 vers
icolor[] 
 []


Overfull \hbox (6.75pt too wide) in paragraph at lines 868--868
[]\TU/lmtt/m/n/10 ## 75           6.4         2.9          4.3         1.3 vers
icolor[] 
 []


Overfull \hbox (6.75pt too wide) in paragraph at lines 868--868
[]\TU/lmtt/m/n/10 ## 76           6.6         3.0          4.4         1.4 vers
icolor[] 
 []


Overfull \hbox (6.75pt too wide) in paragraph at lines 868--868
[]\TU/lmtt/m/n/10 ## 77           6.8         2.8          4.8         1.4 vers
icolor[] 
 []


Overfull \hbox (6.75pt too wide) in paragraph at lines 868--868
[]\TU/lmtt/m/n/10 ## 78           6.7         3.0          5.0         1.7 vers
icolor[] 
 []


Overfull \hbox (6.75pt too wide) in paragraph at lines 868--868
[]\TU/lmtt/m/n/10 ## 79           6.0         2.9          4.5         1.5 vers
icolor[] 
 []


Overfull \hbox (6.75pt too wide) in paragraph at lines 868--868
[]\TU/lmtt/m/n/10 ## 80           5.7         2.6          3.5         1.0 vers
icolor[] 
 []


Overfull \hbox (6.75pt too wide) in paragraph at lines 868--868
[]\TU/lmtt/m/n/10 ## 81           5.5         2.4          3.8         1.1 vers
icolor[] 
 []


Overfull \hbox (6.75pt too wide) in paragraph at lines 868--868
[]\TU/lmtt/m/n/10 ## 82           5.5         2.4          3.7         1.0 vers
icolor[] 
 []


Overfull \hbox (6.75pt too wide) in paragraph at lines 868--868
[]\TU/lmtt/m/n/10 ## 83           5.8         2.7          3.9         1.2 vers
icolor[] 
 []


Overfull \hbox (6.75pt too wide) in paragraph at lines 868--868
[]\TU/lmtt/m/n/10 ## 84           6.0         2.7          5.1         1.6 vers
icolor[] 
 []


Overfull \hbox (6.75pt too wide) in paragraph at lines 868--868
[]\TU/lmtt/m/n/10 ## 85           5.4         3.0          4.5         1.5 vers
icolor[] 
 []


Overfull \hbox (6.75pt too wide) in paragraph at lines 868--868
[]\TU/lmtt/m/n/10 ## 86           6.0         3.4          4.5         1.6 vers
icolor[] 
 []


Overfull \hbox (6.75pt too wide) in paragraph at lines 868--868
[]\TU/lmtt/m/n/10 ## 87           6.7         3.1          4.7         1.5 vers
icolor[] 
 []


Overfull \hbox (6.75pt too wide) in paragraph at lines 868--868
[]\TU/lmtt/m/n/10 ## 88           6.3         2.3          4.4         1.3 vers
icolor[] 
 []


Overfull \hbox (6.75pt too wide) in paragraph at lines 868--868
[]\TU/lmtt/m/n/10 ## 89           5.6         3.0          4.1         1.3 vers
icolor[] 
 []


Overfull \hbox (6.75pt too wide) in paragraph at lines 868--868
[]\TU/lmtt/m/n/10 ## 90           5.5         2.5          4.0         1.3 vers
icolor[] 
 []


Overfull \hbox (6.75pt too wide) in paragraph at lines 868--868
[]\TU/lmtt/m/n/10 ## 91           5.5         2.6          4.4         1.2 vers
icolor[] 
 []


Overfull \hbox (6.75pt too wide) in paragraph at lines 868--868
[]\TU/lmtt/m/n/10 ## 92           6.1         3.0          4.6         1.4 vers
icolor[] 
 []


Overfull \hbox (6.75pt too wide) in paragraph at lines 868--868
[]\TU/lmtt/m/n/10 ## 93           5.8         2.6          4.0         1.2 vers
icolor[] 
 []


Overfull \hbox (6.75pt too wide) in paragraph at lines 868--868
[]\TU/lmtt/m/n/10 ## 94           5.0         2.3          3.3         1.0 vers
icolor[] 
 []


Overfull \hbox (6.75pt too wide) in paragraph at lines 868--868
[]\TU/lmtt/m/n/10 ## 95           5.6         2.7          4.2         1.3 vers
icolor[] 
 []


Overfull \hbox (6.75pt too wide) in paragraph at lines 868--868
[]\TU/lmtt/m/n/10 ## 96           5.7         3.0          4.2         1.2 vers
icolor[] 
 []


Overfull \hbox (6.75pt too wide) in paragraph at lines 868--868
[]\TU/lmtt/m/n/10 ## 97           5.7         2.9          4.2         1.3 vers
icolor[] 
 []


Overfull \hbox (6.75pt too wide) in paragraph at lines 868--868
[]\TU/lmtt/m/n/10 ## 98           6.2         2.9          4.3         1.3 vers
icolor[] 
 []


Overfull \hbox (6.75pt too wide) in paragraph at lines 868--868
[]\TU/lmtt/m/n/10 ## 99           5.1         2.5          3.0         1.1 vers
icolor[] 
 []


Overfull \hbox (6.75pt too wide) in paragraph at lines 868--868
[]\TU/lmtt/m/n/10 ## 100          5.7         2.8          4.1         1.3 vers
icolor[] 
 []


Overfull \hbox (6.75pt too wide) in paragraph at lines 868--868
[]\TU/lmtt/m/n/10 ## 101          6.3         3.3          6.0         2.5  vir
ginica[] 
 []


Overfull \hbox (6.75pt too wide) in paragraph at lines 868--868
[]\TU/lmtt/m/n/10 ## 102          5.8         2.7          5.1         1.9  vir
ginica[] 
 []


Overfull \hbox (6.75pt too wide) in paragraph at lines 868--868
[]\TU/lmtt/m/n/10 ## 103          7.1         3.0          5.9         2.1  vir
ginica[] 
 []


Overfull \hbox (6.75pt too wide) in paragraph at lines 868--868
[]\TU/lmtt/m/n/10 ## 104          6.3         2.9          5.6         1.8  vir
ginica[] 
 []


Overfull \hbox (6.75pt too wide) in paragraph at lines 868--868
[]\TU/lmtt/m/n/10 ## 105          6.5         3.0          5.8         2.2  vir
ginica[] 
 []


Overfull \hbox (6.75pt too wide) in paragraph at lines 868--868
[]\TU/lmtt/m/n/10 ## 106          7.6         3.0          6.6         2.1  vir
ginica[] 
 []


Overfull \hbox (6.75pt too wide) in paragraph at lines 868--868
[]\TU/lmtt/m/n/10 ## 107          4.9         2.5          4.5         1.7  vir
ginica[] 
 []


Overfull \hbox (6.75pt too wide) in paragraph at lines 868--868
[]\TU/lmtt/m/n/10 ## 108          7.3         2.9          6.3         1.8  vir
ginica[] 
 []


Overfull \hbox (6.75pt too wide) in paragraph at lines 868--868
[]\TU/lmtt/m/n/10 ## 109          6.7         2.5          5.8         1.8  vir
ginica[] 
 []


Overfull \hbox (6.75pt too wide) in paragraph at lines 868--868
[]\TU/lmtt/m/n/10 ## 110          7.2         3.6          6.1         2.5  vir
ginica[] 
 []


Overfull \hbox (6.75pt too wide) in paragraph at lines 868--868
[]\TU/lmtt/m/n/10 ## 111          6.5         3.2          5.1         2.0  vir
ginica[] 
 []


Overfull \hbox (6.75pt too wide) in paragraph at lines 868--868
[]\TU/lmtt/m/n/10 ## 112          6.4         2.7          5.3         1.9  vir
ginica[] 
 []


Overfull \hbox (6.75pt too wide) in paragraph at lines 868--868
[]\TU/lmtt/m/n/10 ## 113          6.8         3.0          5.5         2.1  vir
ginica[] 
 []


Overfull \hbox (6.75pt too wide) in paragraph at lines 868--868
[]\TU/lmtt/m/n/10 ## 114          5.7         2.5          5.0         2.0  vir
ginica[] 
 []


Overfull \hbox (6.75pt too wide) in paragraph at lines 868--868
[]\TU/lmtt/m/n/10 ## 115          5.8         2.8          5.1         2.4  vir
ginica[] 
 []

[21]
Overfull \hbox (6.75pt too wide) in paragraph at lines 868--868
[]\TU/lmtt/m/n/10 ## 116          6.4         3.2          5.3         2.3  vir
ginica[] 
 []


Overfull \hbox (6.75pt too wide) in paragraph at lines 868--868
[]\TU/lmtt/m/n/10 ## 117          6.5         3.0          5.5         1.8  vir
ginica[] 
 []


Overfull \hbox (6.75pt too wide) in paragraph at lines 868--868
[]\TU/lmtt/m/n/10 ## 118          7.7         3.8          6.7         2.2  vir
ginica[] 
 []


Overfull \hbox (6.75pt too wide) in paragraph at lines 868--868
[]\TU/lmtt/m/n/10 ## 119          7.7         2.6          6.9         2.3  vir
ginica[] 
 []


Overfull \hbox (6.75pt too wide) in paragraph at lines 868--868
[]\TU/lmtt/m/n/10 ## 120          6.0         2.2          5.0         1.5  vir
ginica[] 
 []


Overfull \hbox (6.75pt too wide) in paragraph at lines 868--868
[]\TU/lmtt/m/n/10 ## 121          6.9         3.2          5.7         2.3  vir
ginica[] 
 []


Overfull \hbox (6.75pt too wide) in paragraph at lines 868--868
[]\TU/lmtt/m/n/10 ## 122          5.6         2.8          4.9         2.0  vir
ginica[] 
 []


Overfull \hbox (6.75pt too wide) in paragraph at lines 868--868
[]\TU/lmtt/m/n/10 ## 123          7.7         2.8          6.7         2.0  vir
ginica[] 
 []


Overfull \hbox (6.75pt too wide) in paragraph at lines 868--868
[]\TU/lmtt/m/n/10 ## 124          6.3         2.7          4.9         1.8  vir
ginica[] 
 []


Overfull \hbox (6.75pt too wide) in paragraph at lines 868--868
[]\TU/lmtt/m/n/10 ## 125          6.7         3.3          5.7         2.1  vir
ginica[] 
 []


Overfull \hbox (6.75pt too wide) in paragraph at lines 868--868
[]\TU/lmtt/m/n/10 ## 126          7.2         3.2          6.0         1.8  vir
ginica[] 
 []


Overfull \hbox (6.75pt too wide) in paragraph at lines 868--868
[]\TU/lmtt/m/n/10 ## 127          6.2         2.8          4.8         1.8  vir
ginica[] 
 []


Overfull \hbox (6.75pt too wide) in paragraph at lines 868--868
[]\TU/lmtt/m/n/10 ## 128          6.1         3.0          4.9         1.8  vir
ginica[] 
 []


Overfull \hbox (6.75pt too wide) in paragraph at lines 868--868
[]\TU/lmtt/m/n/10 ## 129          6.4         2.8          5.6         2.1  vir
ginica[] 
 []


Overfull \hbox (6.75pt too wide) in paragraph at lines 868--868
[]\TU/lmtt/m/n/10 ## 130          7.2         3.0          5.8         1.6  vir
ginica[] 
 []


Overfull \hbox (6.75pt too wide) in paragraph at lines 868--868
[]\TU/lmtt/m/n/10 ## 131          7.4         2.8          6.1         1.9  vir
ginica[] 
 []


Overfull \hbox (6.75pt too wide) in paragraph at lines 868--868
[]\TU/lmtt/m/n/10 ## 132          7.9         3.8          6.4         2.0  vir
ginica[] 
 []


Overfull \hbox (6.75pt too wide) in paragraph at lines 868--868
[]\TU/lmtt/m/n/10 ## 133          6.4         2.8          5.6         2.2  vir
ginica[] 
 []


Overfull \hbox (6.75pt too wide) in paragraph at lines 868--868
[]\TU/lmtt/m/n/10 ## 134          6.3         2.8          5.1         1.5  vir
ginica[] 
 []


Overfull \hbox (6.75pt too wide) in paragraph at lines 868--868
[]\TU/lmtt/m/n/10 ## 135          6.1         2.6          5.6         1.4  vir
ginica[] 
 []


Overfull \hbox (6.75pt too wide) in paragraph at lines 868--868
[]\TU/lmtt/m/n/10 ## 136          7.7         3.0          6.1         2.3  vir
ginica[] 
 []


Overfull \hbox (6.75pt too wide) in paragraph at lines 868--868
[]\TU/lmtt/m/n/10 ## 137          6.3         3.4          5.6         2.4  vir
ginica[] 
 []


Overfull \hbox (6.75pt too wide) in paragraph at lines 868--868
[]\TU/lmtt/m/n/10 ## 138          6.4         3.1          5.5         1.8  vir
ginica[] 
 []


Overfull \hbox (6.75pt too wide) in paragraph at lines 868--868
[]\TU/lmtt/m/n/10 ## 139          6.0         3.0          4.8         1.8  vir
ginica[] 
 []


Overfull \hbox (6.75pt too wide) in paragraph at lines 868--868
[]\TU/lmtt/m/n/10 ## 140          6.9         3.1          5.4         2.1  vir
ginica[] 
 []


Overfull \hbox (6.75pt too wide) in paragraph at lines 868--868
[]\TU/lmtt/m/n/10 ## 141          6.7         3.1          5.6         2.4  vir
ginica[] 
 []


Overfull \hbox (6.75pt too wide) in paragraph at lines 868--868
[]\TU/lmtt/m/n/10 ## 142          6.9         3.1          5.1         2.3  vir
ginica[] 
 []


Overfull \hbox (6.75pt too wide) in paragraph at lines 868--868
[]\TU/lmtt/m/n/10 ## 143          5.8         2.7          5.1         1.9  vir
ginica[] 
 []


Overfull \hbox (6.75pt too wide) in paragraph at lines 868--868
[]\TU/lmtt/m/n/10 ## 144          6.8         3.2          5.9         2.3  vir
ginica[] 
 []


Overfull \hbox (6.75pt too wide) in paragraph at lines 868--868
[]\TU/lmtt/m/n/10 ## 145          6.7         3.3          5.7         2.5  vir
ginica[] 
 []


Overfull \hbox (6.75pt too wide) in paragraph at lines 868--868
[]\TU/lmtt/m/n/10 ## 146          6.7         3.0          5.2         2.3  vir
ginica[] 
 []


Overfull \hbox (6.75pt too wide) in paragraph at lines 868--868
[]\TU/lmtt/m/n/10 ## 147          6.3         2.5          5.0         1.9  vir
ginica[] 
 []


Overfull \hbox (6.75pt too wide) in paragraph at lines 868--868
[]\TU/lmtt/m/n/10 ## 148          6.5         3.0          5.2         2.0  vir
ginica[] 
 []


Overfull \hbox (6.75pt too wide) in paragraph at lines 868--868
[]\TU/lmtt/m/n/10 ## 149          6.2         3.4          5.4         2.3  vir
ginica[] 
 []


Overfull \hbox (6.75pt too wide) in paragraph at lines 868--868
[]\TU/lmtt/m/n/10 ## 150          5.9         3.0          5.1         1.8  vir
ginica[] 
 []

LaTeX Font Info:    Font shape `TU/lmtt/bx/n' in size <14.4> not available
(Font)              Font shape `TU/lmtt/b/n' tried instead on input line 871.
[22]
File: _main_files/figure-latex/unnamed-chunk-23-1.pdf Graphic file (type pdf)
<use _main_files/figure-latex/unnamed-chunk-23-1.pdf>
File: _main_files/figure-latex/unnamed-chunk-24-1.pdf Graphic file (type pdf)
<use _main_files/figure-latex/unnamed-chunk-24-1.pdf>

Underfull \vbox (badness 10000) has occurred while \output is active []

[23]
File: _main_files/figure-latex/unnamed-chunk-25-1.pdf Graphic file (type pdf)
<use _main_files/figure-latex/unnamed-chunk-25-1.pdf>
[24]
File: _main_files/figure-latex/unnamed-chunk-26-1.pdf Graphic file (type pdf)
<use _main_files/figure-latex/unnamed-chunk-26-1.pdf>
File: _main_files/figure-latex/unnamed-chunk-27-1.pdf Graphic file (type pdf)
<use _main_files/figure-latex/unnamed-chunk-27-1.pdf>

Underfull \vbox (badness 10000) has occurred while \output is active []

[25]
File: _main_files/figure-latex/unnamed-chunk-28-1.pdf Graphic file (type pdf)
<use _main_files/figure-latex/unnamed-chunk-28-1.pdf>

Underfull \vbox (badness 1122) has occurred while \output is active []

[26]
File: _main_files/figure-latex/unnamed-chunk-29-1.pdf Graphic file (type pdf)
<use _main_files/figure-latex/unnamed-chunk-29-1.pdf>
File: _main_files/figure-latex/unnamed-chunk-30-1.pdf Graphic file (type pdf)
<use _main_files/figure-latex/unnamed-chunk-30-1.pdf>

Underfull \vbox (badness 10000) has occurred while \output is active []

[27]
File: _main_files/figure-latex/unnamed-chunk-31-1.pdf Graphic file (type pdf)
<use _main_files/figure-latex/unnamed-chunk-31-1.pdf>

Underfull \vbox (badness 10000) has occurred while \output is active []

[28]
File: _main_files/figure-latex/unnamed-chunk-32-1.pdf Graphic file (type pdf)
<use _main_files/figure-latex/unnamed-chunk-32-1.pdf>

Underfull \vbox (badness 1173) has occurred while \output is active []

[29]
File: _main_files/figure-latex/unnamed-chunk-33-1.pdf Graphic file (type pdf)
<use _main_files/figure-latex/unnamed-chunk-33-1.pdf>
File: _main_files/figure-latex/unnamed-chunk-34-1.pdf Graphic file (type pdf)
<use _main_files/figure-latex/unnamed-chunk-34-1.pdf>

Underfull \vbox (badness 10000) has occurred while \output is active []

[30]
LaTeX Font Info:    Font shape `TU/lmtt/bx/n' in size <12> not available
(Font)              Font shape `TU/lmtt/b/n' tried instead on input line 964.
No file _main.bbl.
[31] (_main.aux) ) 
Here is how much of TeX's memory you used:
 18318 strings out of 412249
 317083 string characters out of 2855664
 818847 words of memory out of 3000000
 37523 multiletter control sequences out of 15000+200000
 541571 words of font info for 86 fonts, out of 3000000 for 9000
 1348 hyphenation exceptions out of 8191
 84i,7n,118p,853b,482s stack positions out of 5000i,500n,10000p,200000b,50000s

Output written on _main.pdf (31 pages).
